Flow report for girouette
Tue Oct 12 11:18:11 2021
Quartus II Version 9.1 Build 350 03/24/2010 Service Pack 2 SJ Web Edition


---------------------
; Table of Contents ;
---------------------
  1. Legal Notice
  2. Flow Summary
  3. Flow Settings
  4. Flow Non-Default Global Settings
  5. Flow Elapsed Time
  6. Flow OS Summary
  7. Flow Log



----------------
; Legal Notice ;
----------------
Copyright (C) 1991-2010 Altera Corporation
Your use of Altera Corporation's design tools, logic functions 
and other software and tools, and its AMPP partner logic 
functions, and any output files from any of the foregoing 
(including device programming or simulation files), and any 
associated documentation or information are expressly subject 
to the terms and conditions of the Altera Program License 
Subscription Agreement, Altera MegaCore Function License 
Agreement, or other applicable license agreement, including, 
without limitation, that your use is for the sole purpose of 
programming logic devices manufactured by Altera and sold by 
Altera or its authorized distributors.  Please refer to the 
applicable agreement for further details.



+-----------------------------------------------------------------------------------+
; Flow Summary                                                                      ;
+------------------------------------+----------------------------------------------+
; Flow Status                        ; Successful - Tue Oct 12 11:18:11 2021        ;
; Quartus II Version                 ; 9.1 Build 350 03/24/2010 SP 2 SJ Web Edition ;
; Revision Name                      ; girouette                                    ;
; Top-level Entity Name              ; girouette                                    ;
; Family                             ; Cyclone IV E                                 ;
; Device                             ; EP4CE6F17C6                                  ;
; Timing Models                      ; Preliminary                                  ;
; Met timing requirements            ; N/A                                          ;
; Total logic elements               ; 0                                            ;
;     Total combinational functions  ; 0                                            ;
;     Dedicated logic registers      ; 0                                            ;
; Total registers                    ; 0                                            ;
; Total pins                         ; 15                                           ;
; Total virtual pins                 ; 0                                            ;
; Total memory bits                  ; 0                                            ;
; Embedded Multiplier 9-bit elements ; 0                                            ;
; Total PLLs                         ; 0                                            ;
+------------------------------------+----------------------------------------------+


+-----------------------------------------+
; Flow Settings                           ;
+-------------------+---------------------+
; Option            ; Setting             ;
+-------------------+---------------------+
; Start date & time ; 10/12/2021 11:18:10 ;
; Main task         ; Compilation         ;
; Revision Name     ; girouette           ;
+-------------------+---------------------+


+-----------------------------------------------------------------------------------------------------------------+
; Flow Non-Default Global Settings                                                                                ;
+-------------------------------------+--------------------------------+---------------+-------------+------------+
; Assignment Name                     ; Value                          ; Default Value ; Entity Name ; Section Id ;
+-------------------------------------+--------------------------------+---------------+-------------+------------+
; COMPILER_SIGNATURE_ID               ; 88491857798392.163403028915536 ; --            ; --          ; --         ;
; MAX_CORE_JUNCTION_TEMP              ; 85                             ; --            ; --          ; --         ;
; MIN_CORE_JUNCTION_TEMP              ; 0                              ; --            ; --          ; --         ;
; NOMINAL_CORE_SUPPLY_VOLTAGE         ; 1.2V                           ; --            ; --          ; --         ;
; PARTITION_COLOR                     ; 16764057                       ; --            ; --          ; Top        ;
; PARTITION_FITTER_PRESERVATION_LEVEL ; PLACEMENT_AND_ROUTING          ; --            ; --          ; Top        ;
; PARTITION_NETLIST_TYPE              ; SOURCE                         ; --            ; --          ; Top        ;
; PROJECT_OUTPUT_DIRECTORY            ; output_files                   ; --            ; --          ; --         ;
+-------------------------------------+--------------------------------+---------------+-------------+------------+


+--------------------------------------------------------------------------------------------------------------------------+
; Flow Elapsed Time                                                                                                        ;
+----------------------+--------------+-------------------------+---------------------+------------------------------------+
; Module Name          ; Elapsed Time ; Average Processors Used ; Peak Virtual Memory ; Total CPU Time (on all processors) ;
+----------------------+--------------+-------------------------+---------------------+------------------------------------+
; Analysis & Synthesis ; 00:00:02     ; 1.0                     ; 236 MB              ; 00:00:02                           ;
; Total                ; 00:00:02     ; --                      ; --                  ; 00:00:02                           ;
+----------------------+--------------+-------------------------+---------------------+------------------------------------+


+---------------------------------------------------------------------------------------+
; Flow OS Summary                                                                       ;
+----------------------+------------------+---------------+------------+----------------+
; Module Name          ; Machine Hostname ; OS Name       ; OS Version ; Processor type ;
+----------------------+------------------+---------------+------------+----------------+
; Analysis & Synthesis ; DESKTOP-M8Q25RQ  ; Windows Vista ; 6.2        ; x86_64         ;
+----------------------+------------------+---------------+------------+----------------+


------------
; Flow Log ;
------------
quartus_map --read_settings_files=on --write_settings_files=off girouette -c girouette



